build/app/intermediates/manifest_merge_blame_file/debug/manifest-merger-blame-debug-report.txt
1<?xml version="1.0" encoding="utf-8"?>
2<manifest xmlns:android="http://schemas.android.com/apk/res/android"
3    package="com.example.flutter_auth"
4    android:versionCode="1"
5    android:versionName="1.0.0" >
6
7    <uses-sdk
8        android:minSdkVersion="16"
9        android:targetSdkVersion="28" />
10    <!--
11         Flutter needs it to communicate with the running application
12         to allow setting breakpoints, to provide hot reload, etc.
13    -->
14    <uses-permission android:name="android.permission.INTERNET" />
14-->src\debug\AndroidManifest.xml:6:5-66
14-->src\debug\AndroidManifest.xml:6:22-64
15    <!--
16     io.flutter.app.FlutterApplication is an android.app.Application that
17         calls FlutterMain.startInitialization(this); in its onCreate method.
18         In most cases you can leave this as-is, but you if you want to provide
19         additional functionality it is fine to subclass or reimplement
20         FlutterApplication and put your custom class here.
21    -->
22    <uses-permission android:name="android.permission.RECEIVE_BOOT_COMPLETED" />
22-->src\main\AndroidManifest.xml:9:5-80
22-->src\main\AndroidManifest.xml:9:22-78
23    <uses-permission android:name="android.permission.VIBRATE" />
23-->src\main\AndroidManifest.xml:10:5-65
23-->src\main\AndroidManifest.xml:10:22-63
24    <uses-permission android:name="android.permission.WAKE_LOCK" />
24-->src\main\AndroidManifest.xml:12:5-67
24-->src\main\AndroidManifest.xml:12:22-65
25    <uses-permission android:name="android.permission.FOREGROUND_SERVICE" />
25-->src\main\AndroidManifest.xml:13:5-76
25-->src\main\AndroidManifest.xml:13:22-74
26    <uses-permission android:name="android.permission.USE_FULL_SCREEN_INTENT" />
26-->[:flutter_local_notifications] AndroidManifest.xml:9:5-81
26-->[:flutter_local_notifications] AndroidManifest.xml:9:22-78
27    <uses-permission android:name="android.permission.ACCESS_NETWORK_STATE" />
27-->[com.google.android.exoplayer:exoplayer-core:2.13.1] AndroidManifest.xml:24:5-79
27-->[com.google.android.exoplayer:exoplayer-core:2.13.1] AndroidManifest.xml:24:22-76
28
29    <application
29-->src\main\AndroidManifest.xml:14:5-53:19
30        android:name="io.flutter.app.FlutterApplication"
30-->src\main\AndroidManifest.xml:15:9-57
31        android:appComponentFactory="androidx.core.app.CoreComponentFactory"
31-->[androidx.core:core:1.3.0] AndroidManifest.xml:24:18-86
32        android:debuggable="true"
33        android:icon="@mipmap/ic_launcher"
33-->src\main\AndroidManifest.xml:17:9-43
34        android:label="help" >
34-->src\main\AndroidManifest.xml:16:9-29
35        <activity
35-->src\main\AndroidManifest.xml:18:9-29:20
36            android:name="com.example.flutter_auth.MainActivity"
36-->src\main\AndroidManifest.xml:19:13-41
37            android:configChanges="orientation|keyboardHidden|keyboard|screenSize|smallestScreenSize|locale|layoutDirection|fontScale|screenLayout|density|uiMode"
37-->src\main\AndroidManifest.xml:22:13-163
38            android:hardwareAccelerated="true"
38-->src\main\AndroidManifest.xml:23:13-47
39            android:launchMode="singleTop"
39-->src\main\AndroidManifest.xml:20:13-43
40            android:theme="@style/LaunchTheme"
40-->src\main\AndroidManifest.xml:21:13-47
41            android:windowSoftInputMode="adjustResize" >
41-->src\main\AndroidManifest.xml:24:13-55
42            <intent-filter>
42-->src\main\AndroidManifest.xml:25:13-28:29
43                <action android:name="android.intent.action.MAIN" />
43-->src\main\AndroidManifest.xml:26:17-68
43-->src\main\AndroidManifest.xml:26:25-66
44
45                <category android:name="android.intent.category.LAUNCHER" />
45-->src\main\AndroidManifest.xml:27:17-76
45-->src\main\AndroidManifest.xml:27:27-74
46            </intent-filter>
47        </activity>
48
49        <receiver android:name="com.dexterous.flutterlocalnotifications.ScheduledNotificationBootReceiver" >
49-->src\main\AndroidManifest.xml:30:9-35:20
49-->src\main\AndroidManifest.xml:30:19-107
50            <intent-filter>
50-->src\main\AndroidManifest.xml:31:13-34:29
51                <action android:name="android.intent.action.BOOT_COMPLETED" />
51-->src\main\AndroidManifest.xml:32:17-78
51-->src\main\AndroidManifest.xml:32:25-76
52                <action android:name="android.intent.action.MY_PACKAGE_REPLACED" />
52-->src\main\AndroidManifest.xml:33:17-83
52-->src\main\AndroidManifest.xml:33:25-81
53            </intent-filter>
54            <intent-filter>
54-->[:flutter_local_notifications] AndroidManifest.xml:14:13-19:29
55                <action android:name="android.intent.action.BOOT_COMPLETED" />
55-->src\main\AndroidManifest.xml:32:17-78
55-->src\main\AndroidManifest.xml:32:25-76
56                <action android:name="android.intent.action.MY_PACKAGE_REPLACED" />
56-->src\main\AndroidManifest.xml:33:17-83
56-->src\main\AndroidManifest.xml:33:25-81
57                <action android:name="android.intent.action.QUICKBOOT_POWERON" />
57-->[:flutter_local_notifications] AndroidManifest.xml:17:17-82
57-->[:flutter_local_notifications] AndroidManifest.xml:17:25-79
58                <action android:name="com.htc.intent.action.QUICKBOOT_POWERON" />
58-->[:flutter_local_notifications] AndroidManifest.xml:18:17-82
58-->[:flutter_local_notifications] AndroidManifest.xml:18:25-79
59            </intent-filter>
60        </receiver>
61        <receiver android:name="com.dexterous.flutterlocalnotifications.ScheduledNotificationReceiver" />
61-->src\main\AndroidManifest.xml:36:9-106
61-->src\main\AndroidManifest.xml:36:19-103
62        <!--
63             Don't delete the meta-data below.
64             This is used by the Flutter tool to generate GeneratedPluginRegistrant.java
65        -->
66        <meta-data
66-->src\main\AndroidManifest.xml:39:9-41:33
67            android:name="flutterEmbedding"
67-->src\main\AndroidManifest.xml:40:13-44
68            android:value="2" />
68-->src\main\AndroidManifest.xml:41:13-30
69
70        <service android:name="com.ryanheise.audioservice.AudioService" >
70-->src\main\AndroidManifest.xml:42:9-46:19
70-->src\main\AndroidManifest.xml:42:18-72
71            <intent-filter>
71-->src\main\AndroidManifest.xml:43:13-45:29
72                <action android:name="android.media.browse.MediaBrowserService" />
72-->src\main\AndroidManifest.xml:44:17-83
72-->src\main\AndroidManifest.xml:44:25-80
73            </intent-filter>
74        </service>
75
76        <receiver android:name="com.ryanheise.audioservice.MediaButtonReceiver" >
76-->src\main\AndroidManifest.xml:48:9-52:20
76-->src\main\AndroidManifest.xml:48:19-80
77            <intent-filter>
77-->src\main\AndroidManifest.xml:49:13-51:29
78                <action android:name="android.intent.action.MEDIA_BUTTON" />
78-->src\main\AndroidManifest.xml:50:17-77
78-->src\main\AndroidManifest.xml:50:25-74
79            </intent-filter>
80        </receiver>
81
82        <activity
82-->[:url_launcher] AndroidManifest.xml:8:9-11:74
83            android:name="io.flutter.plugins.urllauncher.WebViewActivity"
83-->[:url_launcher] AndroidManifest.xml:9:13-74
84            android:exported="false"
84-->[:url_launcher] AndroidManifest.xml:10:13-37
85            android:theme="@android:style/Theme.NoTitleBar.Fullscreen" />
85-->[:url_launcher] AndroidManifest.xml:11:13-71
86    </application>
87
88</manifest>